\BOOKMARK [0][-]{chapter.1}{Qu\351 es HatosGanaderos?}{}% 1
\BOOKMARK [0][-]{chapter.2}{\277Com\363 empiezo?}{}% 2
\BOOKMARK [1][-]{section.2.1}{Instalaci\363n}{chapter.2}% 3
\BOOKMARK [1][-]{section.2.2}{Tutorial 1: Crear Cuentas}{chapter.2}% 4
\BOOKMARK [1][-]{section.2.3}{Tutorial 2: Configuraci\363n}{chapter.2}% 5
\BOOKMARK [1][-]{section.2.4}{Tutorial 3: T\351cnicos}{chapter.2}% 6
\BOOKMARK [1][-]{section.2.5}{Tutorial 4: M\363dulo de Reproducci\363n}{chapter.2}% 7
\BOOKMARK [1][-]{section.2.6}{Tutorial 5: M\363dulo de Producci\363n}{chapter.2}% 8
\BOOKMARK [1][-]{section.2.7}{Tutorial 6: M\363dulo de Sanidad}{chapter.2}% 9
\BOOKMARK [1][-]{section.2.8}{Tutorial 7: M\363dulo de Alimentaci\363n}{chapter.2}% 10
\BOOKMARK [1][-]{section.2.9}{Tutorial 8: Mensajer\355a}{chapter.2}% 11
\BOOKMARK [1][-]{section.2.10}{Tutorial 9: Reportes}{chapter.2}% 12
\BOOKMARK [1][-]{section.2.11}{Tutorial 10: Notificaciones}{chapter.2}% 13
\BOOKMARK [0][-]{chapter.3}{M\363dulos}{}% 14
\BOOKMARK [1][-]{section.3.1}{M\363dulo SIDGV}{chapter.3}% 15
\BOOKMARK [1][-]{section.3.2}{M\363dulo de Alimentos}{chapter.3}% 16
\BOOKMARK [1][-]{section.3.3}{M\363dulo de Ganados}{chapter.3}% 17
\BOOKMARK [1][-]{section.3.4}{M\363dulo de Medicamentos}{chapter.3}% 18
\BOOKMARK [1][-]{section.3.5}{M\363dulo de Mensajer\355a}{chapter.3}% 19
\BOOKMARK [1][-]{section.3.6}{M\363dulo de Notificaciones}{chapter.3}% 20
\BOOKMARK [1][-]{section.3.7}{M\363dulo del Perfil}{chapter.3}% 21
\BOOKMARK [1][-]{section.3.8}{M\363dulo de Reportes}{chapter.3}% 22
\BOOKMARK [1][-]{section.3.9}{M\363dulo As\355ncrono}{chapter.3}% 23
\BOOKMARK [0][-]{chapter.4}{Indice y Tablas}{}% 24
\BOOKMARK [0][-]{section*.544}{\315ndice de M\363dulos Python}{}% 25
